<?xml version="1.0" encoding="UTF-8"?>
<testng-results skipped="0" failed="0" ignored="0" total="1" passed="1">
  <reporter-output>
  </reporter-output>
  <suite name="Default suite" duration-ms="167" started-at="2023-08-02T07:06:59 IST" finished-at="2023-08-02T07:06:59 IST">
    <groups>
    </groups>
    <test name="Default test" duration-ms="167" started-at="2023-08-02T07:06:59 IST" finished-at="2023-08-02T07:06:59 IST">
      <class name="Git.Practise">
        <test-method status="PASS" signature="practise()[pri:0, instance:Git.Practise@7c29daf3]" name="practise" duration-ms="26" started-at="2023-08-02T07:06:59 IST" finished-at="2023-08-02T07:06:59 IST">
          <reporter-output>
          </reporter-output>
        </test-method> <!-- practise -->
      </class> <!-- Git.Practise -->
    </test> <!-- Default test -->
  </suite> <!-- Default suite -->
</testng-results>
